-------------------------------------------------------------------------------
Test set: org.example.testRunner.runners
-------------------------------------------------------------------------------
Tests run: 19, Failures: 12, Errors: 0, Skipped: 0, Time elapsed: 431.795 s <<< FAILURE! - in org.example.testRunner.runners
org.example.testRunner.runners.runScenario  Time elapsed: 43.034 s  <<< FAILURE!
org.openqa.selenium.InvalidSelectorException: 
Compound class names not permitted
For documentation on this error, please visit: https://selenium.dev/exceptions/#invalid_selector_exception
Build info: version: '4.4.0', revision: 'e5c75ed026a'
System info: host: 'DESKTOP-DAI6MGI', ip: '192.168.1.22', os.name: 'Windows 10', os.arch: 'amd64', os.version: '10.0', java.version: '18.0.2.1'
Driver info: driver.version: unknown

org.example.testRunner.runners.runScenario  Time elapsed: 12.415 s  <<< FAILURE!
org.openqa.selenium.InvalidSelectorException: 
Compound class names not permitted
For documentation on this error, please visit: https://selenium.dev/exceptions/#invalid_selector_exception
Build info: version: '4.4.0', revision: 'e5c75ed026a'
System info: host: 'DESKTOP-DAI6MGI', ip: '192.168.1.22', os.name: 'Windows 10', os.arch: 'amd64', os.version: '10.0', java.version: '18.0.2.1'
Driver info: driver.version: unknown

org.example.testRunner.runners.runScenario  Time elapsed: 27.551 s  <<< FAILURE!
java.lang.ClassCastException: class java.util.ArrayList cannot be cast to class org.openqa.selenium.WebElement (java.util.ArrayList is in module java.base of loader 'bootstrap'; org.openqa.selenium.WebElement is in unnamed module of loader 'app')

org.example.testRunner.runners.runScenario  Time elapsed: 11.137 s  <<< FAILURE!
java.lang.ClassCastException: class java.util.ArrayList cannot be cast to class org.openqa.selenium.WebElement (java.util.ArrayList is in module java.base of loader 'bootstrap'; org.openqa.selenium.WebElement is in unnamed module of loader 'app')

org.example.testRunner.runners.runScenario  Time elapsed: 81.162 s  <<< FAILURE!
java.lang.ClassCastException: class java.util.ArrayList cannot be cast to class org.openqa.selenium.WebElement (java.util.ArrayList is in module java.base of loader 'bootstrap'; org.openqa.selenium.WebElement is in unnamed module of loader 'app')

org.example.testRunner.runners.runScenario  Time elapsed: 15.195 s  <<< FAILURE!
java.lang.AssertionError: expected [APPLE_CAM] but found [Apple]

org.example.testRunner.runners.runScenario  Time elapsed: 15.479 s  <<< FAILURE!
java.lang.AssertionError: expected [SF_PRO_11] but found [In stock]

org.example.testRunner.runners.runScenario  Time elapsed: 50.276 s  <<< FAILURE!
org.openqa.selenium.ElementNotInteractableException: 
element not interactable
  (Session info: chrome=105.0.5195.128)
Build info: version: '4.4.0', revision: 'e5c75ed026a'
System info: host: 'DESKTOP-DAI6MGI', ip: '192.168.1.22', os.name: 'Windows 10', os.arch: 'amd64', os.version: '10.0', java.version: '18.0.2.1'
Driver info: org.openqa.selenium.chrome.ChromeDriver
Command: [57ab0c322a8ff051193f3bcbfa9eaa7d, clickElement {id=9101d2b3-1be2-4210-bffd-4df893dfa194}]
Capabilities {acceptInsecureCerts: false, browserName: chrome, browserVersion: 105.0.5195.128, chrome: {chromedriverVersion: 105.0.5195.52 (412c95e51883..., userDataDir: C:\Users\ALEX-S~1\AppData\L...}, goog:chromeOptions: {debuggerAddress: localhost:59962}, networkConnectionEnabled: false, pageLoadStrategy: normal, platformName: WINDOWS, proxy: Proxy(), se:cdp: ws://localhost:59962/devtoo..., se:cdpVersion: 105.0.5195.128, setWindowRect: true, strictFileInteractability: false, timeouts: {implicit: 0, pageLoad: 300000, script: 30000}, unhandledPromptBehavior: dismiss and notify, webauthn:extension:credBlob: true, webauthn:extension:largeBlob: true, webauthn:virtualAuthenticators: true}
Element: [[ChromeDriver: chrome on WINDOWS (57ab0c322a8ff051193f3bcbfa9eaa7d)] -> css selector: a[href="/notebooks"]]
Session ID: 57ab0c322a8ff051193f3bcbfa9eaa7d

org.example.testRunner.runners.runScenario  Time elapsed: 18.087 s  <<< FAILURE!
org.openqa.selenium.TimeoutException: 
Expected condition failed: waiting for title to contain "https://demo.nopcommerce.com/nokia-lumia-1020". Current title: "nopCommerce demo store" (tried for 10 second(s) with 500 milliseconds interval)
Build info: version: '4.4.0', revision: 'e5c75ed026a'
System info: host: 'DESKTOP-DAI6MGI', ip: '192.168.1.22', os.name: 'Windows 10', os.arch: 'amd64', os.version: '10.0', java.version: '18.0.2.1'
Driver info: org.openqa.selenium.chrome.ChromeDriver
Capabilities {acceptInsecureCerts: false, browserName: chrome, browserVersion: 105.0.5195.128, chrome: {chromedriverVersion: 105.0.5195.52 (412c95e51883..., userDataDir: C:\Users\ALEX-S~1\AppData\L...}, goog:chromeOptions: {debuggerAddress: localhost:60080}, networkConnectionEnabled: false, pageLoadStrategy: normal, platformName: WINDOWS, proxy: Proxy(), se:cdp: ws://localhost:60080/devtoo..., se:cdpVersion: 105.0.5195.128, setWindowRect: true, strictFileInteractability: false, timeouts: {implicit: 0, pageLoad: 300000, script: 30000}, unhandledPromptBehavior: dismiss and notify, webauthn:extension:credBlob: true, webauthn:extension:largeBlob: true, webauthn:virtualAuthenticators: true}
Session ID: f560af9f7c44f99acd6d2977413286eb

org.example.testRunner.runners.runScenario  Time elapsed: 7.094 s  <<< FAILURE!
java.lang.IndexOutOfBoundsException: Index 1 out of bounds for length 1

org.example.testRunner.runners.runScenario  Time elapsed: 9.14 s  <<< FAILURE!
java.lang.IndexOutOfBoundsException: Index 1 out of bounds for length 1

org.example.testRunner.runners.runScenario  Time elapsed: 9.245 s  <<< FAILURE!
java.lang.AssertionError: expected [green] but found [null]

