<?xml version="1.0" encoding="UTF-8"?>
<!-- Generated by org.testng.reporters.JUnitReportReporter -->
<testsuite hostname="DESKTOP-DAI6MGI" failures="3" tests="19" name="org.example.testRunner.runners" time="430.077" errors="9" timestamp="2022-10-02T19:16:46 EET" skipped="0">
  <testcase classname="org.example.testRunner.runners" name="runScenario" time="15.195">
    <failure message="expected [APPLE_CAM] but found [Apple]" type="java.lang.AssertionError">
      <![CDATA[java.lang.AssertionError: expected [APPLE_CAM] but found [Apple]
at org.testng.Assert.fail(Assert.java:110)
at org.testng.Assert.failNotEquals(Assert.java:1413)
at org.testng.Assert.assertEqualsImpl(Assert.java:149)
at org.testng.Assert.assertEquals(Assert.java:131)
at org.testng.Assert.assertEquals(Assert.java:655)
at org.testng.Assert.assertEquals(Assert.java:665)
at org.example.stepDefs.D04_searchStepDef.userCouldFindInsideProductDetailsPage(D04_searchStepDef.java:71)
at ✽.user could find "APPLE_CAM" inside product details page(file:///D:/FWD%20Course%20Projects/Automation%20Project/Project2-Automation/demonopcommerce/src/main/resources/features/F04_Search.feature:16)
]]>
    </failure>
  </testcase> <!-- runScenario -->
  <system-out/>
  <testcase classname="org.example.testRunner.runners" name="runScenario" time="9.245">
    <failure message="expected [green] but found [null]" type="java.lang.AssertionError">
      <![CDATA[java.lang.AssertionError: expected [green] but found [null]
at org.testng.Assert.fail(Assert.java:110)
at org.testng.Assert.failNotEquals(Assert.java:1413)
at org.testng.Assert.assertEqualsImpl(Assert.java:149)
at org.testng.Assert.assertEquals(Assert.java:131)
at org.testng.Assert.assertEquals(Assert.java:655)
at org.testng.Assert.assertEquals(Assert.java:665)
at org.example.stepDefs.D08_WishlistStepDef.userViewsTheSuccessMsg(D08_WishlistStepDef.java:25)
at ✽.user views the success msg(file:///D:/FWD%20Course%20Projects/Automation%20Project/Project2-Automation/demonopcommerce/src/main/resources/features/F08_Wishlist.feature:5)
]]>
    </failure>
  </testcase> <!-- runScenario -->
  <system-out/>
  <testcase classname="org.example.testRunner.runners" name="runScenario" time="9.523"/>
  <system-out/>
  <testcase classname="org.example.testRunner.runners" name="runScenario" time="43.028">
    <error message="Compound class names not permitted
For documentation on this error, please visit: https://selenium.dev/exceptions/#invalid_selector_exception
Build info: version: &#039;4.4.0&#039;, revision: &#039;e5c75ed026a&#039;
System info: host: &#039;DESKTOP-DAI6MGI&#039;, ip: &#039;192.168.1.22&#039;, os.name: &#039;Windows 10&#039;, os.arch: &#039;amd64&#039;, os.version: &#039;10.0&#039;, java.version: &#039;18.0.2.1&#039;
Driver info: driver.version: unknown" type="org.openqa.selenium.InvalidSelectorException">
      <![CDATA[org.openqa.selenium.InvalidSelectorException: Compound class names not permitted
For documentation on this error, please visit: https://selenium.dev/exceptions/#invalid_selector_exception
Build info: version: '4.4.0', revision: 'e5c75ed026a'
System info: host: 'DESKTOP-DAI6MGI', ip: '192.168.1.22', os.name: 'Windows 10', os.arch: 'amd64', os.version: '10.0', java.version: '18.0.2.1'
Driver info: driver.version: unknown
at org.openqa.selenium.By$ByClassName.<init>(By.java:310)
at org.openqa.selenium.By.className(By.java:100)
at org.example.pages.P02_login.loginButton(P02_login.java:25)
at org.example.stepDefs.D02_loginStepDef.submitLoginButton(D02_loginStepDef.java:29)
at ✽.user press on login button(file:///D:/FWD%20Course%20Projects/Automation%20Project/Project2-Automation/demonopcommerce/src/main/resources/features/F02_Login.feature:6)
]]>
    </error>
  </testcase> <!-- runScenario -->
  <system-out/>
  <testcase classname="org.example.testRunner.runners" name="runScenario" time="50.274">
    <error message="element not interactable
  (Session info: chrome=105.0.5195.128)
Build info: version: &#039;4.4.0&#039;, revision: &#039;e5c75ed026a&#039;
System info: host: &#039;DESKTOP-DAI6MGI&#039;, ip: &#039;192.168.1.22&#039;, os.name: &#039;Windows 10&#039;, os.arch: &#039;amd64&#039;, os.version: &#039;10.0&#039;, java.version: &#039;18.0.2.1&#039;
Driver info: org.openqa.selenium.chrome.ChromeDriver
Command: [57ab0c322a8ff051193f3bcbfa9eaa7d, clickElement {id=9101d2b3-1be2-4210-bffd-4df893dfa194}]
Capabilities {acceptInsecureCerts: false, browserName: chrome, browserVersion: 105.0.5195.128, chrome: {chromedriverVersion: 105.0.5195.52 (412c95e51883..., userDataDir: C:\Users\ALEX-S~1\AppData\L...}, goog:chromeOptions: {debuggerAddress: localhost:59962}, networkConnectionEnabled: false, pageLoadStrategy: normal, platformName: WINDOWS, proxy: Proxy(), se:cdp: ws://localhost:59962/devtoo..., se:cdpVersion: 105.0.5195.128, setWindowRect: true, strictFileInteractability: false, timeouts: {implicit: 0, pageLoad: 300000, script: 30000}, unhandledPromptBehavior: dismiss and notify, webauthn:extension:credBlob: true, webauthn:extension:largeBlob: true, webauthn:virtualAuthenticators: true}
Element: [[ChromeDriver: chrome on WINDOWS (57ab0c322a8ff051193f3bcbfa9eaa7d)] -&gt; css selector: a[href=&quot;/notebooks&quot;]]
Session ID: 57ab0c322a8ff051193f3bcbfa9eaa7d" type="org.openqa.selenium.ElementNotInteractableException">
      <![CDATA[org.openqa.selenium.ElementNotInteractableException: element not interactable
  (Session info: chrome=105.0.5195.128)
Build info: version: '4.4.0', revision: 'e5c75ed026a'
System info: host: 'DESKTOP-DAI6MGI', ip: '192.168.1.22', os.name: 'Windows 10', os.arch: 'amd64', os.version: '10.0', java.version: '18.0.2.1'
Driver info: org.openqa.selenium.chrome.ChromeDriver
Command: [57ab0c322a8ff051193f3bcbfa9eaa7d, clickElement {id=9101d2b3-1be2-4210-bffd-4df893dfa194}]
Capabilities {acceptInsecureCerts: false, browserName: chrome, browserVersion: 105.0.5195.128, chrome: {chromedriverVersion: 105.0.5195.52 (412c95e51883..., userDataDir: C:\Users\ALEX-S~1\AppData\L...}, goog:chromeOptions: {debuggerAddress: localhost:59962}, networkConnectionEnabled: false, pageLoadStrategy: normal, platformName: WINDOWS, proxy: Proxy(), se:cdp: ws://localhost:59962/devtoo..., se:cdpVersion: 105.0.5195.128, setWindowRect: true, strictFileInteractability: false, timeouts: {implicit: 0, pageLoad: 300000, script: 30000}, unhandledPromptBehavior: dismiss and notify, webauthn:extension:credBlob: true, webauthn:extension:largeBlob: true, webauthn:virtualAuthenticators: true}
Element: [[ChromeDriver: chrome on WINDOWS (57ab0c322a8ff051193f3bcbfa9eaa7d)] -> css selector: a[href="/notebooks"]]
Session ID: 57ab0c322a8ff051193f3bcbfa9eaa7d
at java.base/jdk.internal.reflect.DirectConstructorHandleAccessor.newInstance(DirectConstructorHandleAccessor.java:67)
at java.base/java.lang.reflect.Constructor.newInstanceWithCaller(Constructor.java:499)
at java.base/java.lang.reflect.Constructor.newInstance(Constructor.java:483)
at org.openqa.selenium.remote.codec.w3c.W3CHttpResponseCodec.createException(W3CHttpResponseCodec.java:200)
at org.openqa.selenium.remote.codec.w3c.W3CHttpResponseCodec.decode(W3CHttpResponseCodec.java:133)
at org.openqa.selenium.remote.codec.w3c.W3CHttpResponseCodec.decode(W3CHttpResponseCodec.java:53)
at org.openqa.selenium.remote.HttpCommandExecutor.execute(HttpCommandExecutor.java:184)
at org.openqa.selenium.remote.service.DriverCommandExecutor.invokeExecute(DriverCommandExecutor.java:167)
at org.openqa.selenium.remote.service.DriverCommandExecutor.execute(DriverCommandExecutor.java:142)
at org.openqa.selenium.remote.RemoteWebDriver.execute(RemoteWebDriver.java:547)
at org.openqa.selenium.remote.RemoteWebElement.execute(RemoteWebElement.java:257)
at org.openqa.selenium.remote.RemoteWebElement.click(RemoteWebElement.java:78)
at org.example.stepDefs.D05_hoverCategoriesStepDef.userClicksOnNotebooksSubcategory(D05_hoverCategoriesStepDef.java:21)
at ✽.user clicks on notebooks subcategory(file:///D:/FWD%20Course%20Projects/Automation%20Project/Project2-Automation/demonopcommerce/src/main/resources/features/F05_hoverCategories.feature:5)
]]>
    </error>
  </testcase> <!-- runScenario -->
  <system-out/>
  <testcase classname="org.example.testRunner.runners" name="runScenario" time="12.893"/>
  <system-out/>
  <testcase classname="org.example.testRunner.runners" name="runScenario" time="52.505"/>
  <system-out/>
  <testcase classname="org.example.testRunner.runners" name="runScenario" time="16.636"/>
  <system-out/>
  <testcase classname="org.example.testRunner.runners" name="runScenario" time="18.086">
    <error message="Expected condition failed: waiting for title to contain &quot;https://demo.nopcommerce.com/nokia-lumia-1020&quot;. Current title: &quot;nopCommerce demo store&quot; (tried for 10 second(s) with 500 milliseconds interval)
Build info: version: &#039;4.4.0&#039;, revision: &#039;e5c75ed026a&#039;
System info: host: &#039;DESKTOP-DAI6MGI&#039;, ip: &#039;192.168.1.22&#039;, os.name: &#039;Windows 10&#039;, os.arch: &#039;amd64&#039;, os.version: &#039;10.0&#039;, java.version: &#039;18.0.2.1&#039;
Driver info: org.openqa.selenium.chrome.ChromeDriver
Capabilities {acceptInsecureCerts: false, browserName: chrome, browserVersion: 105.0.5195.128, chrome: {chromedriverVersion: 105.0.5195.52 (412c95e51883..., userDataDir: C:\Users\ALEX-S~1\AppData\L...}, goog:chromeOptions: {debuggerAddress: localhost:60080}, networkConnectionEnabled: false, pageLoadStrategy: normal, platformName: WINDOWS, proxy: Proxy(), se:cdp: ws://localhost:60080/devtoo..., se:cdpVersion: 105.0.5195.128, setWindowRect: true, strictFileInteractability: false, timeouts: {implicit: 0, pageLoad: 300000, script: 30000}, unhandledPromptBehavior: dismiss and notify, webauthn:extension:credBlob: true, webauthn:extension:largeBlob: true, webauthn:virtualAuthenticators: true}
Session ID: f560af9f7c44f99acd6d2977413286eb" type="org.openqa.selenium.TimeoutException">
      <![CDATA[org.openqa.selenium.TimeoutException: Expected condition failed: waiting for title to contain "https://demo.nopcommerce.com/nokia-lumia-1020". Current title: "nopCommerce demo store" (tried for 10 second(s) with 500 milliseconds interval)
Build info: version: '4.4.0', revision: 'e5c75ed026a'
System info: host: 'DESKTOP-DAI6MGI', ip: '192.168.1.22', os.name: 'Windows 10', os.arch: 'amd64', os.version: '10.0', java.version: '18.0.2.1'
Driver info: org.openqa.selenium.chrome.ChromeDriver
Capabilities {acceptInsecureCerts: false, browserName: chrome, browserVersion: 105.0.5195.128, chrome: {chromedriverVersion: 105.0.5195.52 (412c95e51883..., userDataDir: C:\Users\ALEX-S~1\AppData\L...}, goog:chromeOptions: {debuggerAddress: localhost:60080}, networkConnectionEnabled: false, pageLoadStrategy: normal, platformName: WINDOWS, proxy: Proxy(), se:cdp: ws://localhost:60080/devtoo..., se:cdpVersion: 105.0.5195.128, setWindowRect: true, strictFileInteractability: false, timeouts: {implicit: 0, pageLoad: 300000, script: 30000}, unhandledPromptBehavior: dismiss and notify, webauthn:extension:credBlob: true, webauthn:extension:largeBlob: true, webauthn:virtualAuthenticators: true}
Session ID: f560af9f7c44f99acd6d2977413286eb
at org.openqa.selenium.support.ui.WebDriverWait.timeoutException(WebDriverWait.java:87)
at org.openqa.selenium.support.ui.FluentWait.until(FluentWait.java:231)
at org.example.stepDefs.D06_homeSlidersStepDef.userClicksIntoTheFirstSlider(D06_homeSlidersStepDef.java:22)
at ✽.user clicks into the first slider(file:///D:/FWD%20Course%20Projects/Automation%20Project/Project2-Automation/demonopcommerce/src/main/resources/features/F06_homeSliders.feature:4)
]]>
    </error>
  </testcase> <!-- runScenario -->
  <system-out/>
  <testcase classname="org.example.testRunner.runners" name="runScenario" time="7.094">
    <error message="Index 1 out of bounds for length 1" type="java.lang.IndexOutOfBoundsException">
      <![CDATA[java.lang.IndexOutOfBoundsException: Index 1 out of bounds for length 1
at java.base/jdk.internal.util.Preconditions.outOfBounds(Preconditions.java:100)
at java.base/jdk.internal.util.Preconditions.outOfBoundsCheckIndex(Preconditions.java:106)
at java.base/jdk.internal.util.Preconditions.checkIndex(Preconditions.java:302)
at java.base/java.util.Objects.checkIndex(Objects.java:359)
at java.base/java.util.ArrayList.get(ArrayList.java:427)
at org.example.pages.P03_homePage.secondSlider(P03_homePage.java:95)
at org.example.stepDefs.D06_homeSlidersStepDef.userClicksIntoTheSecondSlider(D06_homeSlidersStepDef.java:36)
at ✽.user clicks into the second slider(file:///D:/FWD%20Course%20Projects/Automation%20Project/Project2-Automation/demonopcommerce/src/main/resources/features/F06_homeSliders.feature:8)
]]>
    </error>
  </testcase> <!-- runScenario -->
  <system-out/>
  <testcase classname="org.example.testRunner.runners" name="runScenario" time="27.550">
    <error message="class java.util.ArrayList cannot be cast to class org.openqa.selenium.WebElement (java.util.ArrayList is in module java.base of loader &#039;bootstrap&#039;; org.openqa.selenium.WebElement is in unnamed module of loader &#039;app&#039;)" type="java.lang.ClassCastException">
      <![CDATA[java.lang.ClassCastException: class java.util.ArrayList cannot be cast to class org.openqa.selenium.WebElement (java.util.ArrayList is in module java.base of loader 'bootstrap'; org.openqa.selenium.WebElement is in unnamed module of loader 'app')
at org.example.pages.P03_homePage.searchResult(P03_homePage.java:52)
at org.example.stepDefs.D04_searchStepDef.userCouldFindRelativeResults(D04_searchStepDef.java:57)
at ✽.user could find "book" relative results(file:///D:/FWD%20Course%20Projects/Automation%20Project/Project2-Automation/demonopcommerce/src/main/resources/features/F04_Search.feature:6)
]]>
    </error>
  </testcase> <!-- runScenario -->
  <system-out/>
  <testcase classname="org.example.testRunner.runners" name="runScenario" time="18.580"/>
  <system-out/>
  <testcase classname="org.example.testRunner.runners" name="runScenario" time="10.382"/>
  <system-out/>
  <testcase classname="org.example.testRunner.runners" name="runScenario" time="9.139">
    <error message="Index 1 out of bounds for length 1" type="java.lang.IndexOutOfBoundsException">
      <![CDATA[java.lang.IndexOutOfBoundsException: Index 1 out of bounds for length 1
at java.base/jdk.internal.util.Preconditions.outOfBounds(Preconditions.java:100)
at java.base/jdk.internal.util.Preconditions.outOfBoundsCheckIndex(Preconditions.java:106)
at java.base/jdk.internal.util.Preconditions.checkIndex(Preconditions.java:302)
at java.base/java.util.Objects.checkIndex(Objects.java:359)
at java.base/java.util.ArrayList.get(ArrayList.java:427)
at org.example.pages.P03_homePage.switchToOpenedTab(P03_homePage.java:110)
at org.example.stepDefs.D07_followUsStepDef.userOpensRssLink(D07_followUsStepDef.java:35)
at ✽.user opens rss link(file:///D:/FWD%20Course%20Projects/Automation%20Project/Project2-Automation/demonopcommerce/src/main/resources/features/F07_followUs.feature:12)
]]>
    </error>
  </testcase> <!-- runScenario -->
  <system-out/>
  <testcase classname="org.example.testRunner.runners" name="runScenario" time="9.757"/>
  <system-out/>
  <testcase classname="org.example.testRunner.runners" name="runScenario" time="81.161">
    <error message="class java.util.ArrayList cannot be cast to class org.openqa.selenium.WebElement (java.util.ArrayList is in module java.base of loader &#039;bootstrap&#039;; org.openqa.selenium.WebElement is in unnamed module of loader &#039;app&#039;)" type="java.lang.ClassCastException">
      <![CDATA[java.lang.ClassCastException: class java.util.ArrayList cannot be cast to class org.openqa.selenium.WebElement (java.util.ArrayList is in module java.base of loader 'bootstrap'; org.openqa.selenium.WebElement is in unnamed module of loader 'app')
at org.example.pages.P03_homePage.searchResult(P03_homePage.java:52)
at org.example.stepDefs.D04_searchStepDef.userCouldFindRelativeResults(D04_searchStepDef.java:57)
at ✽.user could find "nike" relative results(file:///D:/FWD%20Course%20Projects/Automation%20Project/Project2-Automation/demonopcommerce/src/main/resources/features/F04_Search.feature:6)
]]>
    </error>
  </testcase> <!-- runScenario -->
  <system-out/>
  <testcase classname="org.example.testRunner.runners" name="runScenario" time="12.415">
    <error message="Compound class names not permitted
For documentation on this error, please visit: https://selenium.dev/exceptions/#invalid_selector_exception
Build info: version: &#039;4.4.0&#039;, revision: &#039;e5c75ed026a&#039;
System info: host: &#039;DESKTOP-DAI6MGI&#039;, ip: &#039;192.168.1.22&#039;, os.name: &#039;Windows 10&#039;, os.arch: &#039;amd64&#039;, os.version: &#039;10.0&#039;, java.version: &#039;18.0.2.1&#039;
Driver info: driver.version: unknown" type="org.openqa.selenium.InvalidSelectorException">
      <![CDATA[org.openqa.selenium.InvalidSelectorException: Compound class names not permitted
For documentation on this error, please visit: https://selenium.dev/exceptions/#invalid_selector_exception
Build info: version: '4.4.0', revision: 'e5c75ed026a'
System info: host: 'DESKTOP-DAI6MGI', ip: '192.168.1.22', os.name: 'Windows 10', os.arch: 'amd64', os.version: '10.0', java.version: '18.0.2.1'
Driver info: driver.version: unknown
at org.openqa.selenium.By$ByClassName.<init>(By.java:310)
at org.openqa.selenium.By.className(By.java:100)
at org.example.pages.P02_login.loginButton(P02_login.java:25)
at org.example.stepDefs.D02_loginStepDef.submitLoginButton(D02_loginStepDef.java:29)
at ✽.user press on login button(file:///D:/FWD%20Course%20Projects/Automation%20Project/Project2-Automation/demonopcommerce/src/main/resources/features/F02_Login.feature:12)
]]>
    </error>
  </testcase> <!-- runScenario -->
  <system-out/>
  <testcase classname="org.example.testRunner.runners" name="runScenario" time="15.478">
    <failure message="expected [SF_PRO_11] but found [In stock]" type="java.lang.AssertionError">
      <![CDATA[java.lang.AssertionError: expected [SF_PRO_11] but found [In stock]
at org.testng.Assert.fail(Assert.java:110)
at org.testng.Assert.failNotEquals(Assert.java:1413)
at org.testng.Assert.assertEqualsImpl(Assert.java:149)
at org.testng.Assert.assertEquals(Assert.java:131)
at org.testng.Assert.assertEquals(Assert.java:655)
at org.testng.Assert.assertEquals(Assert.java:665)
at org.example.stepDefs.D04_searchStepDef.userCouldFindInsideProductDetailsPage(D04_searchStepDef.java:71)
at ✽.user could find "SF_PRO_11" inside product details page(file:///D:/FWD%20Course%20Projects/Automation%20Project/Project2-Automation/demonopcommerce/src/main/resources/features/F04_Search.feature:16)
]]>
    </failure>
  </testcase> <!-- runScenario -->
  <system-out/>
  <testcase classname="org.example.testRunner.runners" name="runScenario" time="11.136">
    <error message="class java.util.ArrayList cannot be cast to class org.openqa.selenium.WebElement (java.util.ArrayList is in module java.base of loader &#039;bootstrap&#039;; org.openqa.selenium.WebElement is in unnamed module of loader &#039;app&#039;)" type="java.lang.ClassCastException">
      <![CDATA[java.lang.ClassCastException: class java.util.ArrayList cannot be cast to class org.openqa.selenium.WebElement (java.util.ArrayList is in module java.base of loader 'bootstrap'; org.openqa.selenium.WebElement is in unnamed module of loader 'app')
at org.example.pages.P03_homePage.searchResult(P03_homePage.java:52)
at org.example.stepDefs.D04_searchStepDef.userCouldFindRelativeResults(D04_searchStepDef.java:57)
at ✽.user could find "laptop" relative results(file:///D:/FWD%20Course%20Projects/Automation%20Project/Project2-Automation/demonopcommerce/src/main/resources/features/F04_Search.feature:6)
]]>
    </error>
  </testcase> <!-- runScenario -->
  <system-out/>
</testsuite> <!-- org.example.testRunner.runners -->
